<?xml version="1.0" encoding="UTF-8"?>
<!-- Generated by org.testng.reporters.JUnitReportReporter -->
<testsuite hostname="ENV-BOM-038" name="com.ngtest.one.testoneview" tests="1" failures="0" timestamp="28 Apr 2016 12:09:35 GMT" time="9.156" errors="0">
  <testcase name="testLogin" time="9.156" classname="com.ngtest.one.testoneview"/>
</testsuite> <!-- com.ngtest.one.testoneview -->
