<?xml version="1.0" encoding="UTF-8"?>
<!-- Generated by org.testng.reporters.JUnitReportReporter -->
<testsuite hostname="ENV-BOM-038" name="com.app.test.test" tests="1" failures="0" timestamp="20 May 2016 11:12:43 GMT" time="17.607" errors="0">
  <testcase name="loginsrt" time="17.607" classname="com.app.test.test"/>
</testsuite> <!-- com.app.test.test -->
