<?xml version="1.0" encoding="UTF-8"?>
<!-- Generated by org.testng.reporters.JUnitReportReporter -->
<testsuite hostname="ENV-BOM-038" name="com.ngtest.one.OneviewLogin" tests="3" failures="0" timestamp="28 Apr 2016 12:09:35 GMT" time="110.402" errors="0">
  <testcase name="doLogoin" time="15.348" classname="com.ngtest.one.OneviewLogin"/>
  <testcase name="ExploreHomePage" time="17.167" classname="com.ngtest.one.OneviewLogin"/>
  <testcase name="ShiftDetails" time="77.887" classname="com.ngtest.one.OneviewLogin"/>
</testsuite> <!-- com.ngtest.one.OneviewLogin -->
