<?xml version="1.0" encoding="UTF-8"?>
<!-- Generated by org.testng.reporters.JUnitReportReporter -->
<testsuite hostname="ENV-BOM-038" name="com.ngtest.one.testlogin" tests="1" failures="0" timestamp="28 Apr 2016 12:09:35 GMT" time="5.854" errors="0">
  <testcase name="test" time="5.854" classname="com.ngtest.one.testlogin"/>
</testsuite> <!-- com.ngtest.one.testlogin -->
